<?xml version="1.0" encoding="UTF-8"?>
<testng-results ignored="0" total="1" passed="1" failed="0" skipped="0">
  <reporter-output>
  </reporter-output>
  <suite started-at="2021-07-24T03:23:04 IST" name="Default suite" finished-at="2021-07-24T03:23:04 IST" duration-ms="72">
    <groups>
    </groups>
    <test started-at="2021-07-24T03:23:04 IST" name="Default test" finished-at="2021-07-24T03:23:04 IST" duration-ms="72">
      <class name="pac.practice.ReadDataFromPropertyFile">
        <test-method signature="readDataTest()[pri:0, instance:pac.practice.ReadDataFromPropertyFile@6e6f2380]" started-at="2021-07-24T03:23:04 IST" name="readDataTest" finished-at="2021-07-24T03:23:04 IST" duration-ms="11" status="PASS">
          <reporter-output>
          </reporter-output>
        </test-method> <!-- readDataTest -->
      </class> <!-- pac.practice.ReadDataFromPropertyFile -->
    </test> <!-- Default test -->
  </suite> <!-- Default suite -->
</testng-results>
